<?xml version="1.0" encoding="UTF-8"?>
<!-- Generated by org.testng.reporters.JUnitReportReporter -->
<testsuite hostname="DESKTOP-AV2PARO" failures="0" tests="2" name="TestRunner.RunnerTest" time="18.899" errors="0" timestamp="2023-08-02T10:31:51 GMT-07:00" skipped="0">
  <testcase classname="TestRunner.RunnerTest" name="runScenario" time="15.631"/>
  <system-out/>
  <testcase classname="TestRunner.RunnerTest" name="runScenario" time="3.268"/>
  <system-out/>
</testsuite> <!-- TestRunner.RunnerTest -->
