<?xml version="1.0" encoding="UTF-8"?>
<!-- Generated by org.testng.reporters.JUnitReportReporter -->
<testsuite hostname="DESKTOP-T4IKH0O" failures="0" tests="1" name="TestRunner.RunnerTest" time="17.882" errors="0" timestamp="2023-08-01T00:10:13 IST" skipped="0">
  <testcase classname="TestRunner.RunnerTest" name="runScenario" time="17.882"/>
  <system-out/>
</testsuite> <!-- TestRunner.RunnerTest -->
